<?xml version="1.0" encoding="UTF-8"?>
<!-- Generated by org.testng.reporters.JUnitReportReporter -->
<testsuite hostname="Shailesh" name="TACTOC.titlecheck" tests="2" failures="0" timestamp="2 Jul 2021 05:44:32 GMT" time="0.018" errors="0">
  <testcase name="test1" time="0.010" classname="TACTOC.titlecheck"/>
  <testcase name="test" time="0.008" classname="TACTOC.titlecheck"/>
</testsuite> <!-- TACTOC.titlecheck -->
