<?xml version="1.0" encoding="UTF-8"?>
<!-- Generated by org.testng.reporters.JUnitReportReporter -->
<testsuite hostname="Shailesh" name="Seleniumcode.TestNgbasics" tests="3" failures="0" timestamp="1 Jul 2021 09:08:05 GMT" time="0.009" errors="0">
  <testcase name="test3" time="0.001" classname="Seleniumcode.TestNgbasics"/>
  <testcase name="test2" time="0.001" classname="Seleniumcode.TestNgbasics"/>
  <testcase name="test1" time="0.007" classname="Seleniumcode.TestNgbasics"/>
</testsuite> <!-- Seleniumcode.TestNgbasics -->
