<?xml version="1.0" encoding="UTF-8"?>
<!-- Generated by org.testng.reporters.JUnitReportReporter -->
<testsuite hostname="Shailesh" name="Seleniumcode.firstcode" tests="3" failures="0" timestamp="1 Jul 2021 07:11:44 GMT" time="0.020" errors="0">
  <testcase name="test3" time="0.001" classname="Seleniumcode.firstcode"/>
  <testcase name="test1" time="0.019" classname="Seleniumcode.firstcode"/>
  <testcase name="test2" time="0.000" classname="Seleniumcode.firstcode"/>
</testsuite> <!-- Seleniumcode.firstcode -->
