<?xml version="1.0" encoding="UTF-8"?>
<!-- Generated by org.testng.reporters.JUnitReportReporter -->
<testsuite hostname="Shailesh" name="TACTOC.googleTest" tests="3" failures="0" timestamp="7 Jul 2021 11:32:28 GMT" time="13.802" errors="0">
  <testcase name="googlelogotest" time="5.750" classname="TACTOC.googleTest"/>
  <testcase name="tittletest" time="3.992" classname="TACTOC.googleTest"/>
  <testcase name="mailLinktest" time="4.060" classname="TACTOC.googleTest"/>
</testsuite> <!-- TACTOC.googleTest -->
